[debug] [2021-12-15T18:13:41.282Z] ----------------------------------------------------------------------
[debug] [2021-12-15T18:13:41.284Z] Command:       /usr/local/bin/node /usr/local/bin/firebase deploy --only functions:generatePDFReport
[debug] [2021-12-15T18:13:41.284Z] CLI Version:   9.23.0
[debug] [2021-12-15T18:13:41.284Z] Platform:      darwin
[debug] [2021-12-15T18:13:41.284Z] Node Version:  v14.17.0
[debug] [2021-12-15T18:13:41.285Z] Time:          Thu Dec 16 2021 02:13:41 GMT+0800 (Philippine Standard Time)
[debug] [2021-12-15T18:13:41.285Z] ----------------------------------------------------------------------
[debug] 
[debug] [2021-12-15T18:13:41.332Z] > command requires scopes: ["email","openid","https://www.googleapis.com/auth/cloudplatformprojects.readonly","https://www.googleapis.com/auth/firebase","https://www.googleapis.com/auth/cloud-platform"]
[debug] [2021-12-15T18:13:41.333Z] > authorizing via signed-in user (kennyalmendral@gmail.com)
[debug] [2021-12-15T18:13:41.333Z] [iam] checking project mooditudetesting for permissions ["cloudfunctions.functions.create","cloudfunctions.functions.delete","cloudfunctions.functions.get","cloudfunctions.functions.list","cloudfunctions.functions.update","cloudfunctions.operations.get","firebase.projects.get"]
[debug] [2021-12-15T18:13:41.334Z] > refreshing access token with scopes: ["email","https://www.googleapis.com/auth/cloud-platform","https://www.googleapis.com/auth/cloudplatformprojects.readonly","https://www.googleapis.com/auth/firebase","openid"]
[debug] [2021-12-15T18:13:41.335Z] >>> HTTP REQUEST POST https://www.googleapis.com/oauth2/v3/token  
 <request body omitted>
[debug] [2021-12-15T18:13:41.496Z] <<< HTTP RESPONSE 200 {"date":"Wed, 15 Dec 2021 18:13:41 GMT","cache-control":"no-cache, no-store, max-age=0, must-revalidate","expires":"Mon, 01 Jan 1990 00:00:00 GMT","pragma":"no-cache","content-type":"application/json; charset=utf-8","vary":"X-Origin, Referer, Origin,Accept-Encoding","server":"scaffolding on HTTPServer2","x-xss-protection":"0","x-frame-options":"SAMEORIGIN","x-content-type-options":"nosniff","alt-svc":"h3=\":443\"; ma=2592000,h3-29=\":443\"; ma=2592000,h3-Q050=\":443\"; ma=2592000,h3-Q046=\":443\"; ma=2592000,h3-Q043=\":443\"; ma=2592000,quic=\":443\"; ma=2592000; v=\"46,43\"","accept-ranges":"none","transfer-encoding":"chunked"}
[debug] [2021-12-15T18:13:41.510Z] >>> HTTP REQUEST POST https://cloudresourcemanager.googleapis.com/v1/projects/mooditudetesting:testIamPermissions  
 {"permissions":["cloudfunctions.functions.create","cloudfunctions.functions.delete","cloudfunctions.functions.get","cloudfunctions.functions.list","cloudfunctions.functions.update","cloudfunctions.operations.get","firebase.projects.get"]}
[debug] [2021-12-15T18:13:42.477Z] <<< HTTP RESPONSE 200 {"content-type":"application/json; charset=UTF-8","vary":"X-Origin, Referer, Origin,Accept-Encoding","date":"Wed, 15 Dec 2021 18:13:42 GMT","server":"ESF","cache-control":"private","x-xss-protection":"0","x-frame-options":"SAMEORIGIN","x-content-type-options":"nosniff","server-timing":"gfet4t7; dur=816","alt-svc":"h3=\":443\"; ma=2592000,h3-29=\":443\"; ma=2592000,h3-Q050=\":443\"; ma=2592000,h3-Q046=\":443\"; ma=2592000,h3-Q043=\":443\"; ma=2592000,quic=\":443\"; ma=2592000; v=\"46,43\"","accept-ranges":"none","transfer-encoding":"chunked"}
[debug] [2021-12-15T18:13:42.479Z] >>> HTTP REQUEST POST https://iam.googleapis.com/v1/projects/mooditudetesting/serviceAccounts/mooditudetesting@appspot.gserviceaccount.com:testIamPermissions  
 {"permissions":["iam.serviceAccounts.actAs"]}
[debug] [2021-12-15T18:13:43.533Z] <<< HTTP RESPONSE 200 {"content-type":"application/json; charset=UTF-8","vary":"X-Origin, Referer, Origin,Accept-Encoding","date":"Wed, 15 Dec 2021 18:13:43 GMT","server":"ESF","cache-control":"private","x-xss-protection":"0","x-frame-options":"SAMEORIGIN","x-content-type-options":"nosniff","alt-svc":"h3=\":443\"; ma=2592000,h3-29=\":443\"; ma=2592000,h3-Q050=\":443\"; ma=2592000,h3-Q046=\":443\"; ma=2592000,h3-Q043=\":443\"; ma=2592000,quic=\":443\"; ma=2592000; v=\"46,43\"","accept-ranges":"none","transfer-encoding":"chunked"}
[info] 
[info] === Deploying to 'mooditudetesting'...
[info] 
[info] i  deploying functions 
[debug] [2021-12-15T18:13:43.539Z] Validating nodejs source
[debug] [2021-12-15T18:13:46.320Z] > [functions] package.json contents: {
  "name": "functions",
  "description": "Cloud Functions for Firebase",
  "scripts": {
    "serve": "firebase emulators:start --only functions",
    "shell": "firebase functions:shell",
    "start": "npm run shell",
    "deploy": "firebase deploy --only functions",
    "logs": "firebase functions:log"
  },
  "engines": {
    "node": "14"
  },
  "main": "index.js",
  "dependencies": {
    "firebase-admin": "^9.8.0",
    "firebase-functions": "^3.14.1",
    "pdfkit": "^0.13.0",
    "stripe": "^8.191.0"
  },
  "devDependencies": {
    "firebase-functions-test": "^0.2.0"
  },
  "private": true
}
[debug] [2021-12-15T18:13:46.321Z] Building nodejs source
[info] i  functions: ensuring required API cloudfunctions.googleapis.com is enabled... 
[info] i  functions: ensuring required API cloudbuild.googleapis.com is enabled... 
[info] i  functions: ensuring required API artifactregistry.googleapis.com is enabled... 
[debug] [2021-12-15T18:13:46.323Z] >>> HTTP REQUEST GET https://serviceusage.googleapis.com/v1/projects/mooditudetesting/services/cloudfunctions.googleapis.com  
 
[debug] [2021-12-15T18:13:46.323Z] >>> HTTP REQUEST GET https://serviceusage.googleapis.com/v1/projects/mooditudetesting/services/runtimeconfig.googleapis.com  
 
[debug] [2021-12-15T18:13:46.323Z] >>> HTTP REQUEST GET https://serviceusage.googleapis.com/v1/projects/mooditudetesting/services/cloudbuild.googleapis.com  
 
[debug] [2021-12-15T18:13:46.324Z] >>> HTTP REQUEST GET https://serviceusage.googleapis.com/v1/projects/mooditudetesting/services/artifactregistry.googleapis.com  
 
[debug] [2021-12-15T18:13:47.629Z] <<< HTTP RESPONSE 200 {"content-type":"application/json; charset=UTF-8","vary":"X-Origin, Referer, Origin,Accept-Encoding","date":"Wed, 15 Dec 2021 18:13:47 GMT","server":"ESF","cache-control":"private","x-xss-protection":"0","x-frame-options":"SAMEORIGIN","x-content-type-options":"nosniff","alt-svc":"h3=\":443\"; ma=2592000,h3-29=\":443\"; ma=2592000,h3-Q050=\":443\"; ma=2592000,h3-Q046=\":443\"; ma=2592000,h3-Q043=\":443\"; ma=2592000,quic=\":443\"; ma=2592000; v=\"46,43\"","accept-ranges":"none","transfer-encoding":"chunked"}
[info] ✔  functions: required API artifactregistry.googleapis.com is enabled 
[debug] [2021-12-15T18:13:47.637Z] <<< HTTP RESPONSE 200 {"content-type":"application/json; charset=UTF-8","vary":"X-Origin, Referer, Origin,Accept-Encoding","date":"Wed, 15 Dec 2021 18:13:47 GMT","server":"ESF","cache-control":"private","x-xss-protection":"0","x-frame-options":"SAMEORIGIN","x-content-type-options":"nosniff","alt-svc":"h3=\":443\"; ma=2592000,h3-29=\":443\"; ma=2592000,h3-Q050=\":443\"; ma=2592000,h3-Q046=\":443\"; ma=2592000,h3-Q043=\":443\"; ma=2592000,quic=\":443\"; ma=2592000; v=\"46,43\"","accept-ranges":"none","transfer-encoding":"chunked"}
[info] ✔  functions: required API cloudbuild.googleapis.com is enabled 
[debug] [2021-12-15T18:13:47.640Z] <<< HTTP RESPONSE 200 {"content-type":"application/json; charset=UTF-8","vary":"X-Origin, Referer, Origin,Accept-Encoding","date":"Wed, 15 Dec 2021 18:13:47 GMT","server":"ESF","cache-control":"private","x-xss-protection":"0","x-frame-options":"SAMEORIGIN","x-content-type-options":"nosniff","alt-svc":"h3=\":443\"; ma=2592000,h3-29=\":443\"; ma=2592000,h3-Q050=\":443\"; ma=2592000,h3-Q046=\":443\"; ma=2592000,h3-Q043=\":443\"; ma=2592000,quic=\":443\"; ma=2592000; v=\"46,43\"","accept-ranges":"none","transfer-encoding":"chunked"}
[debug] [2021-12-15T18:13:47.709Z] <<< HTTP RESPONSE 200 {"content-type":"application/json; charset=UTF-8","vary":"X-Origin, Referer, Origin,Accept-Encoding","date":"Wed, 15 Dec 2021 18:13:47 GMT","server":"ESF","cache-control":"private","x-xss-protection":"0","x-frame-options":"SAMEORIGIN","x-content-type-options":"nosniff","alt-svc":"h3=\":443\"; ma=2592000,h3-29=\":443\"; ma=2592000,h3-Q050=\":443\"; ma=2592000,h3-Q046=\":443\"; ma=2592000,h3-Q043=\":443\"; ma=2592000,quic=\":443\"; ma=2592000; v=\"46,43\"","accept-ranges":"none","transfer-encoding":"chunked"}
[info] ✔  functions: required API cloudfunctions.googleapis.com is enabled 
[debug] [2021-12-15T18:13:47.710Z] >>> HTTP REQUEST GET https://firebase.googleapis.com/v1beta1/projects/mooditudetesting/adminSdkConfig  
 
[debug] [2021-12-15T18:13:48.415Z] <<< HTTP RESPONSE 200 {"content-type":"application/json; charset=UTF-8","vary":"X-Origin, Referer, Origin,Accept-Encoding","date":"Wed, 15 Dec 2021 18:13:48 GMT","server":"ESF","cache-control":"private","x-xss-protection":"0","x-frame-options":"SAMEORIGIN","x-content-type-options":"nosniff","alt-svc":"h3=\":443\"; ma=2592000,h3-29=\":443\"; ma=2592000,h3-Q050=\":443\"; ma=2592000,h3-Q046=\":443\"; ma=2592000,h3-Q043=\":443\"; ma=2592000,quic=\":443\"; ma=2592000; v=\"46,43\"","accept-ranges":"none","transfer-encoding":"chunked"}
[debug] [2021-12-15T18:13:48.416Z] >>> HTTP REQUEST GET https://runtimeconfig.googleapis.com/v1beta1/projects/mooditudetesting/configs  
 
[debug] [2021-12-15T18:13:48.851Z] <<< HTTP RESPONSE 200 {"content-type":"application/json; charset=UTF-8","vary":"X-Origin, Referer, Origin,Accept-Encoding","date":"Wed, 15 Dec 2021 18:13:48 GMT","server":"ESF","cache-control":"private","x-xss-protection":"0","x-frame-options":"SAMEORIGIN","x-content-type-options":"nosniff","alt-svc":"h3=\":443\"; ma=2592000,h3-29=\":443\"; ma=2592000,h3-Q050=\":443\"; ma=2592000,h3-Q046=\":443\"; ma=2592000,h3-Q043=\":443\"; ma=2592000,quic=\":443\"; ma=2592000; v=\"46,43\"","accept-ranges":"none","transfer-encoding":"chunked"}
[debug] [2021-12-15T18:13:48.852Z] >>> HTTP REQUEST GET https://runtimeconfig.googleapis.com/v1beta1/projects/mooditudetesting/configs/env/variables  
 
[debug] [2021-12-15T18:13:49.168Z] <<< HTTP RESPONSE 200 {"content-type":"application/json; charset=UTF-8","vary":"X-Origin, Referer, Origin,Accept-Encoding","date":"Wed, 15 Dec 2021 18:13:49 GMT","server":"ESF","cache-control":"private","x-xss-protection":"0","x-frame-options":"SAMEORIGIN","x-content-type-options":"nosniff","alt-svc":"h3=\":443\"; ma=2592000,h3-29=\":443\"; ma=2592000,h3-Q050=\":443\"; ma=2592000,h3-Q046=\":443\"; ma=2592000,h3-Q043=\":443\"; ma=2592000,quic=\":443\"; ma=2592000; v=\"46,43\"","accept-ranges":"none","transfer-encoding":"chunked"}
[debug] [2021-12-15T18:13:49.169Z] >>> HTTP REQUEST GET https://runtimeconfig.googleapis.com/v1beta1/projects/mooditudetesting/configs/env/variables/clientApp/accessToken  
 
[debug] [2021-12-15T18:13:49.170Z] >>> HTTP REQUEST GET https://runtimeconfig.googleapis.com/v1beta1/projects/mooditudetesting/configs/env/variables/mailJet/apiKey  
 
[debug] [2021-12-15T18:13:49.170Z] >>> HTTP REQUEST GET https://runtimeconfig.googleapis.com/v1beta1/projects/mooditudetesting/configs/env/variables/mailJet/apiSecret  
 
[debug] [2021-12-15T18:13:49.482Z] <<< HTTP RESPONSE 200 {"content-type":"application/json; charset=UTF-8","vary":"X-Origin, Referer, Origin,Accept-Encoding","date":"Wed, 15 Dec 2021 18:13:49 GMT","server":"ESF","cache-control":"private","x-xss-protection":"0","x-frame-options":"SAMEORIGIN","x-content-type-options":"nosniff","alt-svc":"h3=\":443\"; ma=2592000,h3-29=\":443\"; ma=2592000,h3-Q050=\":443\"; ma=2592000,h3-Q046=\":443\"; ma=2592000,h3-Q043=\":443\"; ma=2592000,quic=\":443\"; ma=2592000; v=\"46,43\"","accept-ranges":"none","transfer-encoding":"chunked"}
[debug] [2021-12-15T18:13:49.504Z] <<< HTTP RESPONSE 200 {"content-type":"application/json; charset=UTF-8","vary":"X-Origin, Referer, Origin,Accept-Encoding","date":"Wed, 15 Dec 2021 18:13:49 GMT","server":"ESF","cache-control":"private","x-xss-protection":"0","x-frame-options":"SAMEORIGIN","x-content-type-options":"nosniff","alt-svc":"h3=\":443\"; ma=2592000,h3-29=\":443\"; ma=2592000,h3-Q050=\":443\"; ma=2592000,h3-Q046=\":443\"; ma=2592000,h3-Q043=\":443\"; ma=2592000,quic=\":443\"; ma=2592000; v=\"46,43\"","accept-ranges":"none","transfer-encoding":"chunked"}
[debug] [2021-12-15T18:13:49.559Z] <<< HTTP RESPONSE 200 {"content-type":"application/json; charset=UTF-8","vary":"X-Origin, Referer, Origin,Accept-Encoding","date":"Wed, 15 Dec 2021 18:13:49 GMT","server":"ESF","cache-control":"private","x-xss-protection":"0","x-frame-options":"SAMEORIGIN","x-content-type-options":"nosniff","alt-svc":"h3=\":443\"; ma=2592000,h3-29=\":443\"; ma=2592000,h3-Q050=\":443\"; ma=2592000,h3-Q046=\":443\"; ma=2592000,h3-Q043=\":443\"; ma=2592000,quic=\":443\"; ma=2592000; v=\"46,43\"","accept-ranges":"none","transfer-encoding":"chunked"}
[debug] [2021-12-15T18:13:49.687Z] Analyzing nodejs backend spec
[info] i  functions: preparing functions directory for uploading... 
[info] i  functions: packaged functions (224.58 KB) for uploading 
[debug] [2021-12-15T18:13:50.086Z] >>> HTTP REQUEST GET https://cloudfunctions.googleapis.com/v1/projects/mooditudetesting/locations/-/functions  
 
[debug] [2021-12-15T18:13:50.894Z] <<< HTTP RESPONSE 200 {"content-type":"application/json; charset=UTF-8","vary":"X-Origin, Referer, Origin,Accept-Encoding","date":"Wed, 15 Dec 2021 18:13:50 GMT","server":"ESF","cache-control":"private","x-xss-protection":"0","x-frame-options":"SAMEORIGIN","x-content-type-options":"nosniff","alt-svc":"h3=\":443\"; ma=2592000,h3-29=\":443\"; ma=2592000,h3-Q050=\":443\"; ma=2592000,h3-Q046=\":443\"; ma=2592000,h3-Q043=\":443\"; ma=2592000,quic=\":443\"; ma=2592000; v=\"46,43\"","accept-ranges":"none","transfer-encoding":"chunked"}
[debug] [2021-12-15T18:13:50.895Z] GCFv1 function has a deprecated runtime: {
  "name": "projects/mooditudetesting/locations/us-central1/functions/get_course_data",
  "httpsTrigger": {
    "url": "https://us-central1-mooditudetesting.cloudfunctions.net/get_course_data",
    "securityLevel": "SECURE_OPTIONAL"
  },
  "status": "ACTIVE",
  "entryPoint": "get_course_data",
  "timeout": "60s",
  "availableMemoryMb": 256,
  "serviceAccountEmail": "mooditudetesting@appspot.gserviceaccount.com",
  "updateTime": "2020-08-15T19:38:13.082Z",
  "versionId": "3",
  "labels": {
    "deployment-tool": "cli-gcloud"
  },
  "sourceUploadUrl": "https://storage.googleapis.com/gcf-upload-us-central1-f5a8413f-60c6-4667-b04f-a7d8bcb760d0/beea7828-65e0-4b2c-b7a8-efe6e837e4dd.zip",
  "environmentVariables": {
    "HTTP_CALLBACK_ACCESS_TOKEN": "1H9PmWXYC068naehzLu75Q=="
  },
  "runtime": "python37",
  "ingressSettings": "ALLOW_ALL",
  "buildId": "1e2f83ea-b35d-4ff3-a219-cff9d71e062b"
}
[debug] [2021-12-15T18:13:50.898Z] >>> HTTP REQUEST POST https://cloudfunctions.googleapis.com/v1/projects/mooditudetesting/locations/us-central1/functions:generateUploadUrl  
 
[debug] [2021-12-15T18:13:51.626Z] <<< HTTP RESPONSE 200 {"content-type":"application/json; charset=UTF-8","vary":"X-Origin, Referer, Origin,Accept-Encoding","date":"Wed, 15 Dec 2021 18:13:51 GMT","server":"ESF","cache-control":"private","x-xss-protection":"0","x-frame-options":"SAMEORIGIN","x-content-type-options":"nosniff","alt-svc":"h3=\":443\"; ma=2592000,h3-29=\":443\"; ma=2592000,h3-Q050=\":443\"; ma=2592000,h3-Q046=\":443\"; ma=2592000,h3-Q043=\":443\"; ma=2592000,quic=\":443\"; ma=2592000; v=\"46,43\"","accept-ranges":"none","transfer-encoding":"chunked"}
[debug] [2021-12-15T18:13:51.627Z] >>> HTTP REQUEST PUT https://storage.googleapis.com/gcf-upload-us-central1-f5a8413f-60c6-4667-b04f-a7d8bcb760d0/ac1bbb15-cfb3-47ff-bd5e-66bcea31f884.zip?GoogleAccessId=service-339470281547@gcf-admin-robot.iam.gserviceaccount.com&Expires=1639593831&Signature=NiLcOVQh9AdHd82GJo6ZnXuVnoemjYiMM4IlEuW02yqPE%2FWJidHzU7GFjSJVfKg9qzhgjQftWleJ04p0ZfaIqi8fnbw8XSzBfJoXihZ4HfT3b2aVDs88RXTYj35WJhKQoy19IiiEzO3MWRmZqHBGqRRGhswXHEYj%2F1bkej9mSK%2BVkFlkyZMtVUc3Ts2pB5eYtH0KC8PQwEZelJ6Qqm7ZUeZwxB3h%2BOdgn4nRFsKfzy3WTymOPTpc2MNeuUrzYBrXHbbO8pElFF5vkdPjr2XH2N3xvSlT3OxMqSu%2F4Abq8v6ziDf0MArBM1P%2BK4dn07SaCz0MQW9jyeQYPT%2FVasa31w%3D%3D  
 <request body omitted>
[debug] [2021-12-15T18:13:52.232Z] <<< HTTP RESPONSE 200 {"x-guploader-uploadid":"ADPycdsn5CW0aPCUuKabScq4T8Le2aDKUaZFxspv8qSxZVkAPlMTP8-iJCxEfMX36Omax5wXMy-4wg2NfseWHS_sinVYITudSA","etag":"\"56d8e62853c4566e107131aef8767861\"","x-goog-generation":"1639592032180148","x-goog-metageneration":"1","x-goog-hash":"crc32c=2ODSwQ==, md5=VtjmKFPEVm4QcTGu+HZ4YQ==","x-goog-stored-content-length":"229975","x-goog-stored-content-encoding":"identity","vary":"Origin","content-length":"0","date":"Wed, 15 Dec 2021 18:13:52 GMT","server":"UploadServer","content-type":"text/html; charset=UTF-8","alt-svc":"h3=\":443\"; ma=2592000,h3-29=\":443\"; ma=2592000,h3-Q050=\":443\"; ma=2592000,h3-Q046=\":443\"; ma=2592000,h3-Q043=\":443\"; ma=2592000,quic=\":443\"; ma=2592000; v=\"46,43\""}
[info] ✔  functions: functions folder uploaded successfully 
[info] i  functions: updating Node.js 14 function generatePDFReport(us-central1)... 
[debug] [2021-12-15T18:13:52.239Z] >>> HTTP REQUEST PATCH https://cloudfunctions.googleapis.com/v1/projects/mooditudetesting/locations/us-central1/functions/generatePDFReport {"updateMask":"name,sourceUploadUrl,entryPoint,runtime,labels,httpsTrigger,availableMemoryMb,environmentVariables,sourceToken"} 
 {"name":"projects/mooditudetesting/locations/us-central1/functions/generatePDFReport","sourceUploadUrl":"https://storage.googleapis.com/gcf-upload-us-central1-f5a8413f-60c6-4667-b04f-a7d8bcb760d0/ac1bbb15-cfb3-47ff-bd5e-66bcea31f884.zip?GoogleAccessId=service-339470281547@gcf-admin-robot.iam.gserviceaccount.com&Expires=1639593831&Signature=NiLcOVQh9AdHd82GJo6ZnXuVnoemjYiMM4IlEuW02yqPE%2FWJidHzU7GFjSJVfKg9qzhgjQftWleJ04p0ZfaIqi8fnbw8XSzBfJoXihZ4HfT3b2aVDs88RXTYj35WJhKQoy19IiiEzO3MWRmZqHBGqRRGhswXHEYj%2F1bkej9mSK%2BVkFlkyZMtVUc3Ts2pB5eYtH0KC8PQwEZelJ6Qqm7ZUeZwxB3h%2BOdgn4nRFsKfzy3WTymOPTpc2MNeuUrzYBrXHbbO8pElFF5vkdPjr2XH2N3xvSlT3OxMqSu%2F4Abq8v6ziDf0MArBM1P%2BK4dn07SaCz0MQW9jyeQYPT%2FVasa31w%3D%3D","entryPoint":"generatePDFReport","runtime":"nodejs14","labels":{"deployment-callable":"true","deployment-tool":"cli-firebase"},"httpsTrigger":{},"availableMemoryMb":256,"environmentVariables":{"FIREBASE_CONFIG":"{\"projectId\":\"mooditudetesting\",\"databaseURL\":\"https://mooditudetesting.firebaseio.com\",\"storageBucket\":\"mooditudetesting.appspot.com\",\"locationId\":\"us-central\"}","GCLOUD_PROJECT":"mooditudetesting"}}
[debug] [2021-12-15T18:13:52.807Z] <<< HTTP RESPONSE 200 {"content-type":"application/json; charset=UTF-8","vary":"X-Origin, Referer, Origin,Accept-Encoding","date":"Wed, 15 Dec 2021 18:13:52 GMT","server":"ESF","cache-control":"private","x-xss-protection":"0","x-frame-options":"SAMEORIGIN","x-content-type-options":"nosniff","alt-svc":"h3=\":443\"; ma=2592000,h3-29=\":443\"; ma=2592000,h3-Q050=\":443\"; ma=2592000,h3-Q046=\":443\"; ma=2592000,h3-Q043=\":443\"; ma=2592000,quic=\":443\"; ma=2592000; v=\"46,43\"","accept-ranges":"none","transfer-encoding":"chunked"}
[debug] [2021-12-15T18:13:52.808Z] > refreshing access token with scopes: []
[debug] [2021-12-15T18:13:52.809Z] >>> HTTP REQUEST POST https://www.googleapis.com/oauth2/v3/token  
 <request body omitted>
[debug] [2021-12-15T18:13:52.954Z] <<< HTTP RESPONSE 200 {"pragma":"no-cache","cache-control":"no-cache, no-store, max-age=0, must-revalidate","date":"Wed, 15 Dec 2021 18:13:52 GMT","expires":"Mon, 01 Jan 1990 00:00:00 GMT","content-type":"application/json; charset=utf-8","vary":"X-Origin, Referer, Origin,Accept-Encoding","server":"scaffolding on HTTPServer2","x-xss-protection":"0","x-frame-options":"SAMEORIGIN","x-content-type-options":"nosniff","alt-svc":"h3=\":443\"; ma=2592000,h3-29=\":443\"; ma=2592000,h3-Q050=\":443\"; ma=2592000,h3-Q046=\":443\"; ma=2592000,h3-Q043=\":443\"; ma=2592000,quic=\":443\"; ma=2592000; v=\"46,43\"","accept-ranges":"none","transfer-encoding":"chunked"}
[debug] [2021-12-15T18:13:52.977Z] >>> [apiv2][query] GET https://cloudfunctions.googleapis.com/v1/operations/bW9vZGl0dWRldGVzdGluZy91cy1jZW50cmFsMS9nZW5lcmF0ZVBERlJlcG9ydC9oWmtzN0JDeEtiWQ [none]
[debug] [2021-12-15T18:13:53.342Z] <<< [apiv2][status] GET https://cloudfunctions.googleapis.com/v1/operations/bW9vZGl0dWRldGVzdGluZy91cy1jZW50cmFsMS9nZW5lcmF0ZVBERlJlcG9ydC9oWmtzN0JDeEtiWQ 200
[debug] [2021-12-15T18:13:53.342Z] <<< [apiv2][body] GET https://cloudfunctions.googleapis.com/v1/operations/bW9vZGl0dWRldGVzdGluZy91cy1jZW50cmFsMS9nZW5lcmF0ZVBERlJlcG9ydC9oWmtzN0JDeEtiWQ {"name":"operations/bW9vZGl0dWRldGVzdGluZy91cy1jZW50cmFsMS9nZW5lcmF0ZVBERlJlcG9ydC9oWmtzN0JDeEtiWQ","metadata":{"@type":"type.googleapis.com/google.cloud.functions.v1.OperationMetadataV1","target":"projects/mooditudetesting/locations/us-central1/functions/generatePDFReport","type":"UPDATE_FUNCTION","request":{"@type":"type.googleapis.com/google.cloud.functions.v1.CloudFunction","name":"projects/mooditudetesting/locations/us-central1/functions/generatePDFReport","httpsTrigger":{},"status":"ACTIVE","entryPoint":"generatePDFReport","timeout":"60s","availableMemoryMb":256,"serviceAccountEmail":"mooditudetesting@appspot.gserviceaccount.com","updateTime":"2021-12-15T18:11:41.043Z","versionId":"207","labels":{"deployment-callable":"true","deployment-tool":"cli-firebase"},"sourceUploadUrl":"https://storage.googleapis.com/gcf-upload-us-central1-f5a8413f-60c6-4667-b04f-a7d8bcb760d0/ac1bbb15-cfb3-47ff-bd5e-66bcea31f884.zip?GoogleAccessId=service-339470281547@gcf-admin-robot.iam.gserviceaccount.com&Expires=1639593831&Signature=NiLcOVQh9AdHd82GJo6ZnXuVnoemjYiMM4IlEuW02yqPE%2FWJidHzU7GFjSJVfKg9qzhgjQftWleJ04p0ZfaIqi8fnbw8XSzBfJoXihZ4HfT3b2aVDs88RXTYj35WJhKQoy19IiiEzO3MWRmZqHBGqRRGhswXHEYj%2F1bkej9mSK%2BVkFlkyZMtVUc3Ts2pB5eYtH0KC8PQwEZelJ6Qqm7ZUeZwxB3h%2BOdgn4nRFsKfzy3WTymOPTpc2MNeuUrzYBrXHbbO8pElFF5vkdPjr2XH2N3xvSlT3OxMqSu%2F4Abq8v6ziDf0MArBM1P%2BK4dn07SaCz0MQW9jyeQYPT%2FVasa31w%3D%3D","environmentVariables":{"FIREBASE_CONFIG":"{\"projectId\":\"mooditudetesting\",\"databaseURL\":\"https://mooditudetesting.firebaseio.com\",\"storageBucket\":\"mooditudetesting.appspot.com\",\"locationId\":\"us-central\"}","GCLOUD_PROJECT":"mooditudetesting"},"runtime":"nodejs14","ingressSettings":"ALLOW_ALL","buildId":"5ba47c64-353a-4b8f-a7df-d3b7aacf6ff2","buildName":"projects/339470281547/locations/us-central1/builds/5ba47c64-353a-4b8f-a7df-d3b7aacf6ff2"},"versionId":"208","updateTime":"2021-12-15T18:13:52Z","buildName":"projects/339470281547/locations/us-central1/builds/5ba47c64-353a-4b8f-a7df-d3b7aacf6ff2"}}
[debug] [2021-12-15T18:13:53.846Z] [update-us-central1-generatePDFReport] Retrying task index 0
[debug] [2021-12-15T18:13:53.847Z] >>> [apiv2][query] GET https://cloudfunctions.googleapis.com/v1/operations/bW9vZGl0dWRldGVzdGluZy91cy1jZW50cmFsMS9nZW5lcmF0ZVBERlJlcG9ydC9oWmtzN0JDeEtiWQ [none]
[debug] [2021-12-15T18:13:54.378Z] <<< [apiv2][status] GET https://cloudfunctions.googleapis.com/v1/operations/bW9vZGl0dWRldGVzdGluZy91cy1jZW50cmFsMS9nZW5lcmF0ZVBERlJlcG9ydC9oWmtzN0JDeEtiWQ 200
[debug] [2021-12-15T18:13:54.379Z] <<< [apiv2][body] GET https://cloudfunctions.googleapis.com/v1/operations/bW9vZGl0dWRldGVzdGluZy91cy1jZW50cmFsMS9nZW5lcmF0ZVBERlJlcG9ydC9oWmtzN0JDeEtiWQ {"name":"operations/bW9vZGl0dWRldGVzdGluZy91cy1jZW50cmFsMS9nZW5lcmF0ZVBERlJlcG9ydC9oWmtzN0JDeEtiWQ","metadata":{"@type":"type.googleapis.com/google.cloud.functions.v1.OperationMetadataV1","target":"projects/mooditudetesting/locations/us-central1/functions/generatePDFReport","type":"UPDATE_FUNCTION","request":{"@type":"type.googleapis.com/google.cloud.functions.v1.CloudFunction","name":"projects/mooditudetesting/locations/us-central1/functions/generatePDFReport","httpsTrigger":{},"status":"ACTIVE","entryPoint":"generatePDFReport","timeout":"60s","availableMemoryMb":256,"serviceAccountEmail":"mooditudetesting@appspot.gserviceaccount.com","updateTime":"2021-12-15T18:11:41.043Z","versionId":"207","labels":{"deployment-callable":"true","deployment-tool":"cli-firebase"},"sourceUploadUrl":"https://storage.googleapis.com/gcf-upload-us-central1-f5a8413f-60c6-4667-b04f-a7d8bcb760d0/ac1bbb15-cfb3-47ff-bd5e-66bcea31f884.zip?GoogleAccessId=service-339470281547@gcf-admin-robot.iam.gserviceaccount.com&Expires=1639593831&Signature=NiLcOVQh9AdHd82GJo6ZnXuVnoemjYiMM4IlEuW02yqPE%2FWJidHzU7GFjSJVfKg9qzhgjQftWleJ04p0ZfaIqi8fnbw8XSzBfJoXihZ4HfT3b2aVDs88RXTYj35WJhKQoy19IiiEzO3MWRmZqHBGqRRGhswXHEYj%2F1bkej9mSK%2BVkFlkyZMtVUc3Ts2pB5eYtH0KC8PQwEZelJ6Qqm7ZUeZwxB3h%2BOdgn4nRFsKfzy3WTymOPTpc2MNeuUrzYBrXHbbO8pElFF5vkdPjr2XH2N3xvSlT3OxMqSu%2F4Abq8v6ziDf0MArBM1P%2BK4dn07SaCz0MQW9jyeQYPT%2FVasa31w%3D%3D","environmentVariables":{"FIREBASE_CONFIG":"{\"projectId\":\"mooditudetesting\",\"databaseURL\":\"https://mooditudetesting.firebaseio.com\",\"storageBucket\":\"mooditudetesting.appspot.com\",\"locationId\":\"us-central\"}","GCLOUD_PROJECT":"mooditudetesting"},"runtime":"nodejs14","ingressSettings":"ALLOW_ALL","buildId":"5ba47c64-353a-4b8f-a7df-d3b7aacf6ff2","buildName":"projects/339470281547/locations/us-central1/builds/5ba47c64-353a-4b8f-a7df-d3b7aacf6ff2"},"versionId":"208","updateTime":"2021-12-15T18:13:52Z","buildId":"49a6527c-424f-4737-b053-5f5bf0f2209c","buildName":"projects/339470281547/locations/us-central1/builds/49a6527c-424f-4737-b053-5f5bf0f2209c"}}
[debug] [2021-12-15T18:13:55.383Z] [update-us-central1-generatePDFReport] Retrying task index 0
[debug] [2021-12-15T18:13:55.384Z] >>> [apiv2][query] GET https://cloudfunctions.googleapis.com/v1/operations/bW9vZGl0dWRldGVzdGluZy91cy1jZW50cmFsMS9nZW5lcmF0ZVBERlJlcG9ydC9oWmtzN0JDeEtiWQ [none]
[debug] [2021-12-15T18:13:55.709Z] <<< [apiv2][status] GET https://cloudfunctions.googleapis.com/v1/operations/bW9vZGl0dWRldGVzdGluZy91cy1jZW50cmFsMS9nZW5lcmF0ZVBERlJlcG9ydC9oWmtzN0JDeEtiWQ 200
[debug] [2021-12-15T18:13:55.709Z] <<< [apiv2][body] GET https://cloudfunctions.googleapis.com/v1/operations/bW9vZGl0dWRldGVzdGluZy91cy1jZW50cmFsMS9nZW5lcmF0ZVBERlJlcG9ydC9oWmtzN0JDeEtiWQ {"name":"operations/bW9vZGl0dWRldGVzdGluZy91cy1jZW50cmFsMS9nZW5lcmF0ZVBERlJlcG9ydC9oWmtzN0JDeEtiWQ","metadata":{"@type":"type.googleapis.com/google.cloud.functions.v1.OperationMetadataV1","target":"projects/mooditudetesting/locations/us-central1/functions/generatePDFReport","type":"UPDATE_FUNCTION","request":{"@type":"type.googleapis.com/google.cloud.functions.v1.CloudFunction","name":"projects/mooditudetesting/locations/us-central1/functions/generatePDFReport","httpsTrigger":{},"status":"ACTIVE","entryPoint":"generatePDFReport","timeout":"60s","availableMemoryMb":256,"serviceAccountEmail":"mooditudetesting@appspot.gserviceaccount.com","updateTime":"2021-12-15T18:11:41.043Z","versionId":"207","labels":{"deployment-callable":"true","deployment-tool":"cli-firebase"},"sourceUploadUrl":"https://storage.googleapis.com/gcf-upload-us-central1-f5a8413f-60c6-4667-b04f-a7d8bcb760d0/ac1bbb15-cfb3-47ff-bd5e-66bcea31f884.zip?GoogleAccessId=service-339470281547@gcf-admin-robot.iam.gserviceaccount.com&Expires=1639593831&Signature=NiLcOVQh9AdHd82GJo6ZnXuVnoemjYiMM4IlEuW02yqPE%2FWJidHzU7GFjSJVfKg9qzhgjQftWleJ04p0ZfaIqi8fnbw8XSzBfJoXihZ4HfT3b2aVDs88RXTYj35WJhKQoy19IiiEzO3MWRmZqHBGqRRGhswXHEYj%2F1bkej9mSK%2BVkFlkyZMtVUc3Ts2pB5eYtH0KC8PQwEZelJ6Qqm7ZUeZwxB3h%2BOdgn4nRFsKfzy3WTymOPTpc2MNeuUrzYBrXHbbO8pElFF5vkdPjr2XH2N3xvSlT3OxMqSu%2F4Abq8v6ziDf0MArBM1P%2BK4dn07SaCz0MQW9jyeQYPT%2FVasa31w%3D%3D","environmentVariables":{"FIREBASE_CONFIG":"{\"projectId\":\"mooditudetesting\",\"databaseURL\":\"https://mooditudetesting.firebaseio.com\",\"storageBucket\":\"mooditudetesting.appspot.com\",\"locationId\":\"us-central\"}","GCLOUD_PROJECT":"mooditudetesting"},"runtime":"nodejs14","ingressSettings":"ALLOW_ALL","buildId":"5ba47c64-353a-4b8f-a7df-d3b7aacf6ff2","buildName":"projects/339470281547/locations/us-central1/builds/5ba47c64-353a-4b8f-a7df-d3b7aacf6ff2"},"versionId":"208","updateTime":"2021-12-15T18:13:52Z","buildId":"49a6527c-424f-4737-b053-5f5bf0f2209c","buildName":"projects/339470281547/locations/us-central1/builds/49a6527c-424f-4737-b053-5f5bf0f2209c"}}
[debug] [2021-12-15T18:13:57.715Z] [update-us-central1-generatePDFReport] Retrying task index 0
[debug] [2021-12-15T18:13:57.715Z] >>> [apiv2][query] GET https://cloudfunctions.googleapis.com/v1/operations/bW9vZGl0dWRldGVzdGluZy91cy1jZW50cmFsMS9nZW5lcmF0ZVBERlJlcG9ydC9oWmtzN0JDeEtiWQ [none]
[debug] [2021-12-15T18:13:58.132Z] <<< [apiv2][status] GET https://cloudfunctions.googleapis.com/v1/operations/bW9vZGl0dWRldGVzdGluZy91cy1jZW50cmFsMS9nZW5lcmF0ZVBERlJlcG9ydC9oWmtzN0JDeEtiWQ 200
[debug] [2021-12-15T18:13:58.132Z] <<< [apiv2][body] GET https://cloudfunctions.googleapis.com/v1/operations/bW9vZGl0dWRldGVzdGluZy91cy1jZW50cmFsMS9nZW5lcmF0ZVBERlJlcG9ydC9oWmtzN0JDeEtiWQ {"name":"operations/bW9vZGl0dWRldGVzdGluZy91cy1jZW50cmFsMS9nZW5lcmF0ZVBERlJlcG9ydC9oWmtzN0JDeEtiWQ","metadata":{"@type":"type.googleapis.com/google.cloud.functions.v1.OperationMetadataV1","target":"projects/mooditudetesting/locations/us-central1/functions/generatePDFReport","type":"UPDATE_FUNCTION","request":{"@type":"type.googleapis.com/google.cloud.functions.v1.CloudFunction","name":"projects/mooditudetesting/locations/us-central1/functions/generatePDFReport","httpsTrigger":{},"status":"ACTIVE","entryPoint":"generatePDFReport","timeout":"60s","availableMemoryMb":256,"serviceAccountEmail":"mooditudetesting@appspot.gserviceaccount.com","updateTime":"2021-12-15T18:11:41.043Z","versionId":"207","labels":{"deployment-callable":"true","deployment-tool":"cli-firebase"},"sourceUploadUrl":"https://storage.googleapis.com/gcf-upload-us-central1-f5a8413f-60c6-4667-b04f-a7d8bcb760d0/ac1bbb15-cfb3-47ff-bd5e-66bcea31f884.zip?GoogleAccessId=service-339470281547@gcf-admin-robot.iam.gserviceaccount.com&Expires=1639593831&Signature=NiLcOVQh9AdHd82GJo6ZnXuVnoemjYiMM4IlEuW02yqPE%2FWJidHzU7GFjSJVfKg9qzhgjQftWleJ04p0ZfaIqi8fnbw8XSzBfJoXihZ4HfT3b2aVDs88RXTYj35WJhKQoy19IiiEzO3MWRmZqHBGqRRGhswXHEYj%2F1bkej9mSK%2BVkFlkyZMtVUc3Ts2pB5eYtH0KC8PQwEZelJ6Qqm7ZUeZwxB3h%2BOdgn4nRFsKfzy3WTymOPTpc2MNeuUrzYBrXHbbO8pElFF5vkdPjr2XH2N3xvSlT3OxMqSu%2F4Abq8v6ziDf0MArBM1P%2BK4dn07SaCz0MQW9jyeQYPT%2FVasa31w%3D%3D","environmentVariables":{"FIREBASE_CONFIG":"{\"projectId\":\"mooditudetesting\",\"databaseURL\":\"https://mooditudetesting.firebaseio.com\",\"storageBucket\":\"mooditudetesting.appspot.com\",\"locationId\":\"us-central\"}","GCLOUD_PROJECT":"mooditudetesting"},"runtime":"nodejs14","ingressSettings":"ALLOW_ALL","buildId":"5ba47c64-353a-4b8f-a7df-d3b7aacf6ff2","buildName":"projects/339470281547/locations/us-central1/builds/5ba47c64-353a-4b8f-a7df-d3b7aacf6ff2"},"versionId":"208","updateTime":"2021-12-15T18:13:52Z","buildId":"49a6527c-424f-4737-b053-5f5bf0f2209c","buildName":"projects/339470281547/locations/us-central1/builds/49a6527c-424f-4737-b053-5f5bf0f2209c"}}
