[debug] [2022-01-26T03:59:56.750Z] ----------------------------------------------------------------------
[debug] [2022-01-26T03:59:56.753Z] Command:       /usr/local/bin/node /usr/local/bin/firebase deploy --only functions:processStripeSubscriptionOnSignUp
[debug] [2022-01-26T03:59:56.753Z] CLI Version:   9.23.0
[debug] [2022-01-26T03:59:56.753Z] Platform:      darwin
[debug] [2022-01-26T03:59:56.753Z] Node Version:  v14.17.0
[debug] [2022-01-26T03:59:56.765Z] Time:          Wed Jan 26 2022 11:59:56 GMT+0800 (Philippine Standard Time)
[debug] [2022-01-26T03:59:56.765Z] ----------------------------------------------------------------------
[debug] 
[debug] [2022-01-26T03:59:56.822Z] > command requires scopes: ["email","openid","https://www.googleapis.com/auth/cloudplatformprojects.readonly","https://www.googleapis.com/auth/firebase","https://www.googleapis.com/auth/cloud-platform"]
[debug] [2022-01-26T03:59:56.822Z] > authorizing via signed-in user (kennyalmendral@gmail.com)
[debug] [2022-01-26T03:59:56.822Z] [iam] checking project mooditudetesting for permissions ["cloudfunctions.functions.create","cloudfunctions.functions.delete","cloudfunctions.functions.get","cloudfunctions.functions.list","cloudfunctions.functions.update","cloudfunctions.operations.get","firebase.projects.get"]
[debug] [2022-01-26T03:59:56.825Z] > refreshing access token with scopes: ["email","https://www.googleapis.com/auth/cloud-platform","https://www.googleapis.com/auth/cloudplatformprojects.readonly","https://www.googleapis.com/auth/firebase","openid"]
[debug] [2022-01-26T03:59:56.825Z] >>> HTTP REQUEST POST https://www.googleapis.com/oauth2/v3/token  
 <request body omitted>
[debug] [2022-01-26T03:59:57.040Z] <<< HTTP RESPONSE 200 {"expires":"Mon, 01 Jan 1990 00:00:00 GMT","cache-control":"no-cache, no-store, max-age=0, must-revalidate","pragma":"no-cache","date":"Wed, 26 Jan 2022 03:59:57 GMT","content-type":"application/json; charset=utf-8","vary":"X-Origin, Referer, Origin,Accept-Encoding","server":"scaffolding on HTTPServer2","x-xss-protection":"0","x-frame-options":"SAMEORIGIN","x-content-type-options":"nosniff","alt-svc":"h3=\":443\"; ma=2592000,h3-29=\":443\"; ma=2592000,h3-Q050=\":443\"; ma=2592000,h3-Q046=\":443\"; ma=2592000,h3-Q043=\":443\"; ma=2592000,quic=\":443\"; ma=2592000; v=\"46,43\"","accept-ranges":"none","transfer-encoding":"chunked"}
[debug] [2022-01-26T03:59:57.056Z] >>> HTTP REQUEST POST https://cloudresourcemanager.googleapis.com/v1/projects/mooditudetesting:testIamPermissions  
 {"permissions":["cloudfunctions.functions.create","cloudfunctions.functions.delete","cloudfunctions.functions.get","cloudfunctions.functions.list","cloudfunctions.functions.update","cloudfunctions.operations.get","firebase.projects.get"]}
[debug] [2022-01-26T03:59:58.029Z] <<< HTTP RESPONSE 200 {"content-type":"application/json; charset=UTF-8","vary":"X-Origin, Referer, Origin,Accept-Encoding","date":"Wed, 26 Jan 2022 03:59:58 GMT","server":"ESF","cache-control":"private","x-xss-protection":"0","x-frame-options":"SAMEORIGIN","x-content-type-options":"nosniff","server-timing":"gfet4t7; dur=816","alt-svc":"h3=\":443\"; ma=2592000,h3-29=\":443\"; ma=2592000,h3-Q050=\":443\"; ma=2592000,h3-Q046=\":443\"; ma=2592000,h3-Q043=\":443\"; ma=2592000,quic=\":443\"; ma=2592000; v=\"46,43\"","accept-ranges":"none","transfer-encoding":"chunked"}
[debug] [2022-01-26T03:59:58.030Z] >>> HTTP REQUEST POST https://iam.googleapis.com/v1/projects/mooditudetesting/serviceAccounts/mooditudetesting@appspot.gserviceaccount.com:testIamPermissions  
 {"permissions":["iam.serviceAccounts.actAs"]}
[debug] [2022-01-26T03:59:59.060Z] <<< HTTP RESPONSE 200 {"content-type":"application/json; charset=UTF-8","vary":"X-Origin, Referer, Origin,Accept-Encoding","date":"Wed, 26 Jan 2022 03:59:59 GMT","server":"ESF","cache-control":"private","x-xss-protection":"0","x-frame-options":"SAMEORIGIN","x-content-type-options":"nosniff","alt-svc":"h3=\":443\"; ma=2592000,h3-29=\":443\"; ma=2592000,h3-Q050=\":443\"; ma=2592000,h3-Q046=\":443\"; ma=2592000,h3-Q043=\":443\"; ma=2592000,quic=\":443\"; ma=2592000; v=\"46,43\"","accept-ranges":"none","transfer-encoding":"chunked"}
[info] 
[info] === Deploying to 'mooditudetesting'...
[info] 
[info] i  deploying functions 
[debug] [2022-01-26T03:59:59.065Z] Validating nodejs source
[debug] [2022-01-26T04:00:02.406Z] > [functions] package.json contents: {
  "name": "functions",
  "description": "Cloud Functions for Firebase",
  "scripts": {
    "serve": "firebase emulators:start --only functions",
    "shell": "firebase functions:shell",
    "start": "npm run shell",
    "deploy": "firebase deploy --only functions",
    "logs": "firebase functions:log"
  },
  "engines": {
    "node": "14"
  },
  "main": "index.js",
  "dependencies": {
    "axios": "^0.24.0",
    "firebase-admin": "^9.8.0",
    "firebase-functions": "^3.14.1",
    "needle": "^2.5.2",
    "pdfkit": "^0.13.0",
    "stripe": "^8.191.0"
  },
  "devDependencies": {
    "firebase-functions-test": "^0.2.0"
  },
  "private": true
}
[debug] [2022-01-26T04:00:02.406Z] Building nodejs source
[info] i  functions: ensuring required API cloudfunctions.googleapis.com is enabled... 
[info] i  functions: ensuring required API cloudbuild.googleapis.com is enabled... 
[info] i  functions: ensuring required API artifactregistry.googleapis.com is enabled... 
[debug] [2022-01-26T04:00:02.408Z] >>> HTTP REQUEST GET https://serviceusage.googleapis.com/v1/projects/mooditudetesting/services/cloudfunctions.googleapis.com  
 
[debug] [2022-01-26T04:00:02.409Z] >>> HTTP REQUEST GET https://serviceusage.googleapis.com/v1/projects/mooditudetesting/services/runtimeconfig.googleapis.com  
 
[debug] [2022-01-26T04:00:02.409Z] >>> HTTP REQUEST GET https://serviceusage.googleapis.com/v1/projects/mooditudetesting/services/cloudbuild.googleapis.com  
 
[debug] [2022-01-26T04:00:02.409Z] >>> HTTP REQUEST GET https://serviceusage.googleapis.com/v1/projects/mooditudetesting/services/artifactregistry.googleapis.com  
 
[debug] [2022-01-26T04:00:03.707Z] <<< HTTP RESPONSE 200 {"content-type":"application/json; charset=UTF-8","vary":"X-Origin, Referer, Origin,Accept-Encoding","date":"Wed, 26 Jan 2022 04:00:03 GMT","server":"ESF","cache-control":"private","x-xss-protection":"0","x-frame-options":"SAMEORIGIN","x-content-type-options":"nosniff","alt-svc":"h3=\":443\"; ma=2592000,h3-29=\":443\"; ma=2592000,h3-Q050=\":443\"; ma=2592000,h3-Q046=\":443\"; ma=2592000,h3-Q043=\":443\"; ma=2592000,quic=\":443\"; ma=2592000; v=\"46,43\"","accept-ranges":"none","transfer-encoding":"chunked"}
[debug] [2022-01-26T04:00:03.715Z] <<< HTTP RESPONSE 200 {"content-type":"application/json; charset=UTF-8","vary":"X-Origin, Referer, Origin,Accept-Encoding","date":"Wed, 26 Jan 2022 04:00:03 GMT","server":"ESF","cache-control":"private","x-xss-protection":"0","x-frame-options":"SAMEORIGIN","x-content-type-options":"nosniff","alt-svc":"h3=\":443\"; ma=2592000,h3-29=\":443\"; ma=2592000,h3-Q050=\":443\"; ma=2592000,h3-Q046=\":443\"; ma=2592000,h3-Q043=\":443\"; ma=2592000,quic=\":443\"; ma=2592000; v=\"46,43\"","accept-ranges":"none","transfer-encoding":"chunked"}
[info] ✔  functions: required API artifactregistry.googleapis.com is enabled 
[debug] [2022-01-26T04:00:03.733Z] <<< HTTP RESPONSE 200 {"content-type":"application/json; charset=UTF-8","vary":"X-Origin, Referer, Origin,Accept-Encoding","date":"Wed, 26 Jan 2022 04:00:03 GMT","server":"ESF","cache-control":"private","x-xss-protection":"0","x-frame-options":"SAMEORIGIN","x-content-type-options":"nosniff","alt-svc":"h3=\":443\"; ma=2592000,h3-29=\":443\"; ma=2592000,h3-Q050=\":443\"; ma=2592000,h3-Q046=\":443\"; ma=2592000,h3-Q043=\":443\"; ma=2592000,quic=\":443\"; ma=2592000; v=\"46,43\"","accept-ranges":"none","transfer-encoding":"chunked"}
[info] ✔  functions: required API cloudfunctions.googleapis.com is enabled 
[debug] [2022-01-26T04:00:03.774Z] <<< HTTP RESPONSE 200 {"content-type":"application/json; charset=UTF-8","vary":"X-Origin, Referer, Origin,Accept-Encoding","date":"Wed, 26 Jan 2022 04:00:03 GMT","server":"ESF","cache-control":"private","x-xss-protection":"0","x-frame-options":"SAMEORIGIN","x-content-type-options":"nosniff","alt-svc":"h3=\":443\"; ma=2592000,h3-29=\":443\"; ma=2592000,h3-Q050=\":443\"; ma=2592000,h3-Q046=\":443\"; ma=2592000,h3-Q043=\":443\"; ma=2592000,quic=\":443\"; ma=2592000; v=\"46,43\"","accept-ranges":"none","transfer-encoding":"chunked"}
[info] ✔  functions: required API cloudbuild.googleapis.com is enabled 
[debug] [2022-01-26T04:00:03.775Z] >>> HTTP REQUEST GET https://firebase.googleapis.com/v1beta1/projects/mooditudetesting/adminSdkConfig  
 
[debug] [2022-01-26T04:00:04.126Z] <<< HTTP RESPONSE 200 {"content-type":"application/json; charset=UTF-8","vary":"X-Origin, Referer, Origin,Accept-Encoding","date":"Wed, 26 Jan 2022 04:00:04 GMT","server":"ESF","cache-control":"private","x-xss-protection":"0","x-frame-options":"SAMEORIGIN","x-content-type-options":"nosniff","alt-svc":"h3=\":443\"; ma=2592000,h3-29=\":443\"; ma=2592000,h3-Q050=\":443\"; ma=2592000,h3-Q046=\":443\"; ma=2592000,h3-Q043=\":443\"; ma=2592000,quic=\":443\"; ma=2592000; v=\"46,43\"","accept-ranges":"none","transfer-encoding":"chunked"}
[debug] [2022-01-26T04:00:04.127Z] >>> HTTP REQUEST GET https://runtimeconfig.googleapis.com/v1beta1/projects/mooditudetesting/configs  
 
[debug] [2022-01-26T04:00:05.333Z] <<< HTTP RESPONSE 200 {"content-type":"application/json; charset=UTF-8","vary":"X-Origin, Referer, Origin,Accept-Encoding","date":"Wed, 26 Jan 2022 04:00:05 GMT","server":"ESF","cache-control":"private","x-xss-protection":"0","x-frame-options":"SAMEORIGIN","x-content-type-options":"nosniff","alt-svc":"h3=\":443\"; ma=2592000,h3-29=\":443\"; ma=2592000,h3-Q050=\":443\"; ma=2592000,h3-Q046=\":443\"; ma=2592000,h3-Q043=\":443\"; ma=2592000,quic=\":443\"; ma=2592000; v=\"46,43\"","accept-ranges":"none","transfer-encoding":"chunked"}
[debug] [2022-01-26T04:00:05.334Z] >>> HTTP REQUEST GET https://runtimeconfig.googleapis.com/v1beta1/projects/mooditudetesting/configs/env/variables  
 
[debug] [2022-01-26T04:00:05.650Z] <<< HTTP RESPONSE 200 {"content-type":"application/json; charset=UTF-8","vary":"X-Origin, Referer, Origin,Accept-Encoding","date":"Wed, 26 Jan 2022 04:00:05 GMT","server":"ESF","cache-control":"private","x-xss-protection":"0","x-frame-options":"SAMEORIGIN","x-content-type-options":"nosniff","alt-svc":"h3=\":443\"; ma=2592000,h3-29=\":443\"; ma=2592000,h3-Q050=\":443\"; ma=2592000,h3-Q046=\":443\"; ma=2592000,h3-Q043=\":443\"; ma=2592000,quic=\":443\"; ma=2592000; v=\"46,43\"","accept-ranges":"none","transfer-encoding":"chunked"}
[debug] [2022-01-26T04:00:05.651Z] >>> HTTP REQUEST GET https://runtimeconfig.googleapis.com/v1beta1/projects/mooditudetesting/configs/env/variables/mailJet/apiKey  
 
[debug] [2022-01-26T04:00:05.652Z] >>> HTTP REQUEST GET https://runtimeconfig.googleapis.com/v1beta1/projects/mooditudetesting/configs/env/variables/mailJet/apiSecret  
 
[debug] [2022-01-26T04:00:05.652Z] >>> HTTP REQUEST GET https://runtimeconfig.googleapis.com/v1beta1/projects/mooditudetesting/configs/env/variables/clientApp/accessToken  
 
[debug] [2022-01-26T04:00:05.997Z] <<< HTTP RESPONSE 200 {"content-type":"application/json; charset=UTF-8","vary":"X-Origin, Referer, Origin,Accept-Encoding","date":"Wed, 26 Jan 2022 04:00:06 GMT","server":"ESF","cache-control":"private","x-xss-protection":"0","x-frame-options":"SAMEORIGIN","x-content-type-options":"nosniff","alt-svc":"h3=\":443\"; ma=2592000,h3-29=\":443\"; ma=2592000,h3-Q050=\":443\"; ma=2592000,h3-Q046=\":443\"; ma=2592000,h3-Q043=\":443\"; ma=2592000,quic=\":443\"; ma=2592000; v=\"46,43\"","accept-ranges":"none","transfer-encoding":"chunked"}
[debug] [2022-01-26T04:00:06.036Z] <<< HTTP RESPONSE 200 {"content-type":"application/json; charset=UTF-8","vary":"X-Origin, Referer, Origin,Accept-Encoding","date":"Wed, 26 Jan 2022 04:00:06 GMT","server":"ESF","cache-control":"private","x-xss-protection":"0","x-frame-options":"SAMEORIGIN","x-content-type-options":"nosniff","alt-svc":"h3=\":443\"; ma=2592000,h3-29=\":443\"; ma=2592000,h3-Q050=\":443\"; ma=2592000,h3-Q046=\":443\"; ma=2592000,h3-Q043=\":443\"; ma=2592000,quic=\":443\"; ma=2592000; v=\"46,43\"","accept-ranges":"none","transfer-encoding":"chunked"}
[debug] [2022-01-26T04:00:06.120Z] <<< HTTP RESPONSE 200 {"content-type":"application/json; charset=UTF-8","vary":"X-Origin, Referer, Origin,Accept-Encoding","date":"Wed, 26 Jan 2022 04:00:06 GMT","server":"ESF","cache-control":"private","x-xss-protection":"0","x-frame-options":"SAMEORIGIN","x-content-type-options":"nosniff","alt-svc":"h3=\":443\"; ma=2592000,h3-29=\":443\"; ma=2592000,h3-Q050=\":443\"; ma=2592000,h3-Q046=\":443\"; ma=2592000,h3-Q043=\":443\"; ma=2592000,quic=\":443\"; ma=2592000; v=\"46,43\"","accept-ranges":"none","transfer-encoding":"chunked"}
[debug] [2022-01-26T04:00:06.241Z] Analyzing nodejs backend spec
[info] i  functions: preparing functions directory for uploading... 
[info] i  functions: packaged functions (375.69 KB) for uploading 
[debug] [2022-01-26T04:00:06.931Z] >>> HTTP REQUEST GET https://cloudfunctions.googleapis.com/v1/projects/mooditudetesting/locations/-/functions  
 
[debug] [2022-01-26T04:00:07.809Z] <<< HTTP RESPONSE 200 {"content-type":"application/json; charset=UTF-8","vary":"X-Origin, Referer, Origin,Accept-Encoding","date":"Wed, 26 Jan 2022 04:00:08 GMT","server":"ESF","cache-control":"private","x-xss-protection":"0","x-frame-options":"SAMEORIGIN","x-content-type-options":"nosniff","alt-svc":"h3=\":443\"; ma=2592000,h3-29=\":443\"; ma=2592000,h3-Q050=\":443\"; ma=2592000,h3-Q046=\":443\"; ma=2592000,h3-Q043=\":443\"; ma=2592000,quic=\":443\"; ma=2592000; v=\"46,43\"","accept-ranges":"none","transfer-encoding":"chunked"}
[debug] [2022-01-26T04:00:07.809Z] GCFv1 function has a deprecated runtime: {
  "name": "projects/mooditudetesting/locations/us-central1/functions/get_course_data",
  "httpsTrigger": {
    "url": "https://us-central1-mooditudetesting.cloudfunctions.net/get_course_data",
    "securityLevel": "SECURE_OPTIONAL"
  },
  "status": "ACTIVE",
  "entryPoint": "get_course_data",
  "timeout": "60s",
  "availableMemoryMb": 256,
  "serviceAccountEmail": "mooditudetesting@appspot.gserviceaccount.com",
  "updateTime": "2020-08-15T19:38:13.082Z",
  "versionId": "3",
  "labels": {
    "deployment-tool": "cli-gcloud"
  },
  "sourceUploadUrl": "https://storage.googleapis.com/gcf-upload-us-central1-f5a8413f-60c6-4667-b04f-a7d8bcb760d0/beea7828-65e0-4b2c-b7a8-efe6e837e4dd.zip",
  "environmentVariables": {
    "HTTP_CALLBACK_ACCESS_TOKEN": "1H9PmWXYC068naehzLu75Q=="
  },
  "runtime": "python37",
  "ingressSettings": "ALLOW_ALL",
  "buildId": "1e2f83ea-b35d-4ff3-a219-cff9d71e062b"
}
[debug] [2022-01-26T04:00:07.812Z] >>> HTTP REQUEST POST https://cloudfunctions.googleapis.com/v1/projects/mooditudetesting/locations/us-central1/functions:generateUploadUrl  
 
[debug] [2022-01-26T04:00:08.618Z] <<< HTTP RESPONSE 200 {"content-type":"application/json; charset=UTF-8","vary":"X-Origin, Referer, Origin,Accept-Encoding","date":"Wed, 26 Jan 2022 04:00:08 GMT","server":"ESF","cache-control":"private","x-xss-protection":"0","x-frame-options":"SAMEORIGIN","x-content-type-options":"nosniff","alt-svc":"h3=\":443\"; ma=2592000,h3-29=\":443\"; ma=2592000,h3-Q050=\":443\"; ma=2592000,h3-Q046=\":443\"; ma=2592000,h3-Q043=\":443\"; ma=2592000,quic=\":443\"; ma=2592000; v=\"46,43\"","accept-ranges":"none","transfer-encoding":"chunked"}
[debug] [2022-01-26T04:00:08.620Z] >>> HTTP REQUEST PUT https://storage.googleapis.com/gcf-upload-us-central1-f5a8413f-60c6-4667-b04f-a7d8bcb760d0/2d027556-510a-4088-9b4a-18ec409556ed.zip?GoogleAccessId=service-339470281547@gcf-admin-robot.iam.gserviceaccount.com&Expires=1643171408&Signature=u3bJTrk8C1YcL4AtgYW7%2BsWYTtDIlpOtgu2V1Z%2FZid0KXwSWtjhNLteGQaxVjwfr%2F5pT3f8L9JIpL9SOi3sZjLvNQtGVmWOOHkJjbNvDNLKT7%2F9nhZxcEwm%2FyZgR5dznEZF0o7lZPp1NL4LWW%2B8kPzjJCLhB3xrbgXP0JuVnJ8LPVPcHQLZSOL8tkvSe5b0pISwBeQvR6kF2HOnFTXp4pJk18oYDCi74YSYhMd0Iqx2XMrf1i%2FsF9FEg6BnSjxNric6jsyY2y8ad3TZtWXovUwFhtyZEaLKO8hr4yY8twhy92ZwUj1p4kXcxHlNr39yFpCyUYWNU5iljA%2FuuTHN2kA%3D%3D  
 <request body omitted>
[debug] [2022-01-26T04:00:09.222Z] <<< HTTP RESPONSE 200 {"x-guploader-uploadid":"ADPycdsn2InmPN7hwnzcD_kCktl_f91R2LeoFNmI8KdizhgpYOnIaUYnPMF3vqWUZns3aw2X7xmeKQWGqXGGSDvpH1wCanDD4w","etag":"\"9c3e3e811daa588a7d9649329c7ddfe8\"","x-goog-generation":"1643169609484668","x-goog-metageneration":"1","x-goog-hash":"crc32c=E2XlDA==, md5=nD4+gR2qWIp9lkkynH3f6A==","x-goog-stored-content-length":"384709","x-goog-stored-content-encoding":"identity","vary":"Origin","content-length":"0","date":"Wed, 26 Jan 2022 04:00:09 GMT","server":"UploadServer","content-type":"text/html; charset=UTF-8","alt-svc":"h3=\":443\"; ma=2592000,h3-29=\":443\"; ma=2592000,h3-Q050=\":443\"; ma=2592000,h3-Q046=\":443\"; ma=2592000,h3-Q043=\":443\"; ma=2592000,quic=\":443\"; ma=2592000; v=\"46,43\""}
[info] ✔  functions: functions folder uploaded successfully 
[info] i  functions: updating Node.js 14 function processStripeSubscriptionOnSignUp(us-central1)... 
[debug] [2022-01-26T04:00:09.227Z] >>> HTTP REQUEST PATCH https://cloudfunctions.googleapis.com/v1/projects/mooditudetesting/locations/us-central1/functions/processStripeSubscriptionOnSignUp {"updateMask":"name,sourceUploadUrl,entryPoint,runtime,labels,httpsTrigger,availableMemoryMb,environmentVariables,sourceToken"} 
 {"name":"projects/mooditudetesting/locations/us-central1/functions/processStripeSubscriptionOnSignUp","sourceUploadUrl":"https://storage.googleapis.com/gcf-upload-us-central1-f5a8413f-60c6-4667-b04f-a7d8bcb760d0/2d027556-510a-4088-9b4a-18ec409556ed.zip?GoogleAccessId=service-339470281547@gcf-admin-robot.iam.gserviceaccount.com&Expires=1643171408&Signature=u3bJTrk8C1YcL4AtgYW7%2BsWYTtDIlpOtgu2V1Z%2FZid0KXwSWtjhNLteGQaxVjwfr%2F5pT3f8L9JIpL9SOi3sZjLvNQtGVmWOOHkJjbNvDNLKT7%2F9nhZxcEwm%2FyZgR5dznEZF0o7lZPp1NL4LWW%2B8kPzjJCLhB3xrbgXP0JuVnJ8LPVPcHQLZSOL8tkvSe5b0pISwBeQvR6kF2HOnFTXp4pJk18oYDCi74YSYhMd0Iqx2XMrf1i%2FsF9FEg6BnSjxNric6jsyY2y8ad3TZtWXovUwFhtyZEaLKO8hr4yY8twhy92ZwUj1p4kXcxHlNr39yFpCyUYWNU5iljA%2FuuTHN2kA%3D%3D","entryPoint":"processStripeSubscriptionOnSignUp","runtime":"nodejs14","labels":{"deployment-callable":"true","deployment-tool":"cli-firebase"},"httpsTrigger":{},"availableMemoryMb":256,"environmentVariables":{"FIREBASE_CONFIG":"{\"projectId\":\"mooditudetesting\",\"databaseURL\":\"https://mooditudetesting.firebaseio.com\",\"storageBucket\":\"mooditudetesting.appspot.com\",\"locationId\":\"us-central\"}","GCLOUD_PROJECT":"mooditudetesting"}}
[debug] [2022-01-26T04:00:09.915Z] <<< HTTP RESPONSE 200 {"content-type":"application/json; charset=UTF-8","vary":"X-Origin, Referer, Origin,Accept-Encoding","date":"Wed, 26 Jan 2022 04:00:10 GMT","server":"ESF","cache-control":"private","x-xss-protection":"0","x-frame-options":"SAMEORIGIN","x-content-type-options":"nosniff","alt-svc":"h3=\":443\"; ma=2592000,h3-29=\":443\"; ma=2592000,h3-Q050=\":443\"; ma=2592000,h3-Q046=\":443\"; ma=2592000,h3-Q043=\":443\"; ma=2592000,quic=\":443\"; ma=2592000; v=\"46,43\"","accept-ranges":"none","transfer-encoding":"chunked"}
[debug] [2022-01-26T04:00:09.917Z] > refreshing access token with scopes: []
[debug] [2022-01-26T04:00:09.917Z] >>> HTTP REQUEST POST https://www.googleapis.com/oauth2/v3/token  
 <request body omitted>
[debug] [2022-01-26T04:00:10.102Z] <<< HTTP RESPONSE 200 {"pragma":"no-cache","cache-control":"no-cache, no-store, max-age=0, must-revalidate","expires":"Mon, 01 Jan 1990 00:00:00 GMT","date":"Wed, 26 Jan 2022 04:00:10 GMT","content-type":"application/json; charset=utf-8","vary":"X-Origin, Referer, Origin,Accept-Encoding","server":"scaffolding on HTTPServer2","x-xss-protection":"0","x-frame-options":"SAMEORIGIN","x-content-type-options":"nosniff","alt-svc":"h3=\":443\"; ma=2592000,h3-29=\":443\"; ma=2592000,h3-Q050=\":443\"; ma=2592000,h3-Q046=\":443\"; ma=2592000,h3-Q043=\":443\"; ma=2592000,quic=\":443\"; ma=2592000; v=\"46,43\"","accept-ranges":"none","transfer-encoding":"chunked"}
[debug] [2022-01-26T04:00:10.118Z] >>> [apiv2][query] GET https://cloudfunctions.googleapis.com/v1/operations/bW9vZGl0dWRldGVzdGluZy91cy1jZW50cmFsMS9wcm9jZXNzU3RyaXBlU3Vic2NyaXB0aW9uT25TaWduVXAvLUlOeWNXZDEyVkU [none]
[debug] [2022-01-26T04:00:10.988Z] <<< [apiv2][status] GET https://cloudfunctions.googleapis.com/v1/operations/bW9vZGl0dWRldGVzdGluZy91cy1jZW50cmFsMS9wcm9jZXNzU3RyaXBlU3Vic2NyaXB0aW9uT25TaWduVXAvLUlOeWNXZDEyVkU 200
[debug] [2022-01-26T04:00:10.988Z] <<< [apiv2][body] GET https://cloudfunctions.googleapis.com/v1/operations/bW9vZGl0dWRldGVzdGluZy91cy1jZW50cmFsMS9wcm9jZXNzU3RyaXBlU3Vic2NyaXB0aW9uT25TaWduVXAvLUlOeWNXZDEyVkU {"name":"operations/bW9vZGl0dWRldGVzdGluZy91cy1jZW50cmFsMS9wcm9jZXNzU3RyaXBlU3Vic2NyaXB0aW9uT25TaWduVXAvLUlOeWNXZDEyVkU","metadata":{"@type":"type.googleapis.com/google.cloud.functions.v1.OperationMetadataV1","target":"projects/mooditudetesting/locations/us-central1/functions/processStripeSubscriptionOnSignUp","type":"UPDATE_FUNCTION","request":{"@type":"type.googleapis.com/google.cloud.functions.v1.CloudFunction","name":"projects/mooditudetesting/locations/us-central1/functions/processStripeSubscriptionOnSignUp","httpsTrigger":{},"status":"ACTIVE","entryPoint":"processStripeSubscriptionOnSignUp","timeout":"60s","availableMemoryMb":256,"serviceAccountEmail":"mooditudetesting@appspot.gserviceaccount.com","updateTime":"2022-01-26T03:00:36.566Z","versionId":"15","labels":{"deployment-callable":"true","deployment-tool":"cli-firebase"},"sourceUploadUrl":"https://storage.googleapis.com/gcf-upload-us-central1-f5a8413f-60c6-4667-b04f-a7d8bcb760d0/2d027556-510a-4088-9b4a-18ec409556ed.zip?GoogleAccessId=service-339470281547@gcf-admin-robot.iam.gserviceaccount.com&Expires=1643171408&Signature=u3bJTrk8C1YcL4AtgYW7%2BsWYTtDIlpOtgu2V1Z%2FZid0KXwSWtjhNLteGQaxVjwfr%2F5pT3f8L9JIpL9SOi3sZjLvNQtGVmWOOHkJjbNvDNLKT7%2F9nhZxcEwm%2FyZgR5dznEZF0o7lZPp1NL4LWW%2B8kPzjJCLhB3xrbgXP0JuVnJ8LPVPcHQLZSOL8tkvSe5b0pISwBeQvR6kF2HOnFTXp4pJk18oYDCi74YSYhMd0Iqx2XMrf1i%2FsF9FEg6BnSjxNric6jsyY2y8ad3TZtWXovUwFhtyZEaLKO8hr4yY8twhy92ZwUj1p4kXcxHlNr39yFpCyUYWNU5iljA%2FuuTHN2kA%3D%3D","environmentVariables":{"FIREBASE_CONFIG":"{\"projectId\":\"mooditudetesting\",\"databaseURL\":\"https://mooditudetesting.firebaseio.com\",\"storageBucket\":\"mooditudetesting.appspot.com\",\"locationId\":\"us-central\"}","GCLOUD_PROJECT":"mooditudetesting"},"runtime":"nodejs14","ingressSettings":"ALLOW_ALL","buildId":"5a114f2f-28d4-48f0-831d-81b45e8aefd3","buildName":"projects/339470281547/locations/us-central1/builds/5a114f2f-28d4-48f0-831d-81b45e8aefd3"},"versionId":"16","updateTime":"2022-01-26T04:00:10Z","buildId":"72ec122d-20dc-49ab-8fc5-80b8b231db7f","buildName":"projects/339470281547/locations/us-central1/builds/72ec122d-20dc-49ab-8fc5-80b8b231db7f"}}
[debug] [2022-01-26T04:00:11.494Z] [update-us-central1-processStripeSubscriptionOnSignUp] Retrying task index 0
[debug] [2022-01-26T04:00:11.494Z] >>> [apiv2][query] GET https://cloudfunctions.googleapis.com/v1/operations/bW9vZGl0dWRldGVzdGluZy91cy1jZW50cmFsMS9wcm9jZXNzU3RyaXBlU3Vic2NyaXB0aW9uT25TaWduVXAvLUlOeWNXZDEyVkU [none]
[debug] [2022-01-26T04:00:12.023Z] <<< [apiv2][status] GET https://cloudfunctions.googleapis.com/v1/operations/bW9vZGl0dWRldGVzdGluZy91cy1jZW50cmFsMS9wcm9jZXNzU3RyaXBlU3Vic2NyaXB0aW9uT25TaWduVXAvLUlOeWNXZDEyVkU 200
[debug] [2022-01-26T04:00:12.024Z] <<< [apiv2][body] GET https://cloudfunctions.googleapis.com/v1/operations/bW9vZGl0dWRldGVzdGluZy91cy1jZW50cmFsMS9wcm9jZXNzU3RyaXBlU3Vic2NyaXB0aW9uT25TaWduVXAvLUlOeWNXZDEyVkU {"name":"operations/bW9vZGl0dWRldGVzdGluZy91cy1jZW50cmFsMS9wcm9jZXNzU3RyaXBlU3Vic2NyaXB0aW9uT25TaWduVXAvLUlOeWNXZDEyVkU","metadata":{"@type":"type.googleapis.com/google.cloud.functions.v1.OperationMetadataV1","target":"projects/mooditudetesting/locations/us-central1/functions/processStripeSubscriptionOnSignUp","type":"UPDATE_FUNCTION","request":{"@type":"type.googleapis.com/google.cloud.functions.v1.CloudFunction","name":"projects/mooditudetesting/locations/us-central1/functions/processStripeSubscriptionOnSignUp","httpsTrigger":{},"status":"ACTIVE","entryPoint":"processStripeSubscriptionOnSignUp","timeout":"60s","availableMemoryMb":256,"serviceAccountEmail":"mooditudetesting@appspot.gserviceaccount.com","updateTime":"2022-01-26T03:00:36.566Z","versionId":"15","labels":{"deployment-callable":"true","deployment-tool":"cli-firebase"},"sourceUploadUrl":"https://storage.googleapis.com/gcf-upload-us-central1-f5a8413f-60c6-4667-b04f-a7d8bcb760d0/2d027556-510a-4088-9b4a-18ec409556ed.zip?GoogleAccessId=service-339470281547@gcf-admin-robot.iam.gserviceaccount.com&Expires=1643171408&Signature=u3bJTrk8C1YcL4AtgYW7%2BsWYTtDIlpOtgu2V1Z%2FZid0KXwSWtjhNLteGQaxVjwfr%2F5pT3f8L9JIpL9SOi3sZjLvNQtGVmWOOHkJjbNvDNLKT7%2F9nhZxcEwm%2FyZgR5dznEZF0o7lZPp1NL4LWW%2B8kPzjJCLhB3xrbgXP0JuVnJ8LPVPcHQLZSOL8tkvSe5b0pISwBeQvR6kF2HOnFTXp4pJk18oYDCi74YSYhMd0Iqx2XMrf1i%2FsF9FEg6BnSjxNric6jsyY2y8ad3TZtWXovUwFhtyZEaLKO8hr4yY8twhy92ZwUj1p4kXcxHlNr39yFpCyUYWNU5iljA%2FuuTHN2kA%3D%3D","environmentVariables":{"FIREBASE_CONFIG":"{\"projectId\":\"mooditudetesting\",\"databaseURL\":\"https://mooditudetesting.firebaseio.com\",\"storageBucket\":\"mooditudetesting.appspot.com\",\"locationId\":\"us-central\"}","GCLOUD_PROJECT":"mooditudetesting"},"runtime":"nodejs14","ingressSettings":"ALLOW_ALL","buildId":"5a114f2f-28d4-48f0-831d-81b45e8aefd3","buildName":"projects/339470281547/locations/us-central1/builds/5a114f2f-28d4-48f0-831d-81b45e8aefd3"},"versionId":"16","updateTime":"2022-01-26T04:00:10Z","buildId":"72ec122d-20dc-49ab-8fc5-80b8b231db7f","buildName":"projects/339470281547/locations/us-central1/builds/72ec122d-20dc-49ab-8fc5-80b8b231db7f"}}
[debug] [2022-01-26T04:00:13.028Z] [update-us-central1-processStripeSubscriptionOnSignUp] Retrying task index 0
[debug] [2022-01-26T04:00:13.029Z] >>> [apiv2][query] GET https://cloudfunctions.googleapis.com/v1/operations/bW9vZGl0dWRldGVzdGluZy91cy1jZW50cmFsMS9wcm9jZXNzU3RyaXBlU3Vic2NyaXB0aW9uT25TaWduVXAvLUlOeWNXZDEyVkU [none]
